[51.408052444] 2018-04-29 19:52:03,250 - INFO - launcher: Starting sanity checks
[51.750183105] 2018-04-29 19:52:03,250 - INFO - launcher: Checking for Python 3.5+
[51.939010620] 2018-04-29 19:52:03,251 - INFO - launcher: Checking console encoding
[52.086114883] 2018-04-29 19:52:03,251 - INFO - launcher: Ensuring we're in the right environment
[52.886962891] 2018-04-29 19:52:03,252 - INFO - launcher: Required checks passed.
[53.097248077] 2018-04-29 19:52:03,252 - INFO - launcher: Optional checks passed.
[53.272008896] 2018-04-29 19:52:03,252 - INFO - launcher: Moving old musicbot log

######################### PRE-RUN SANITY CHECKS PASSED #########################

[1.2537510395050049] 2018-04-29 19:52:04,452 - WARNING - musicbot.config | In config.py::MainThread(4321366912), line 112 in run_checks: i18n file does not exist. Trying to fallback to config/i18n/en.json.
[1.2540159225463867] 2018-04-29 19:52:04,453 - INFO - musicbot.config | In config.py::MainThread(4321366912), line 123 in run_checks: Using i18n: config/i18n/en.json
[1.2565622329711914] 2018-04-29 19:52:04,455 - DEBUG - musicbot.json | In json.py::MainThread(4321366912), line 8 in __init__: Init JSON obj with config/i18n/en.json
[1.3032100200653076] 2018-04-29 19:52:04,502 - DEBUG - musicbot.bot | In bot.py::MainThread(4321366912), line 227 in _setup_logging: Set logging level to EVERYTHING
[1.3046431541442871] 2018-04-29 19:52:04,503 - INFO - musicbot.bot | In bot.py::MainThread(4321366912), line 84 in __init__: Starting MusicBot 1.9.7
[1.3048560619354248] 2018-04-29 19:52:04,504 - INFO - musicbot.bot | In bot.py::MainThread(4321366912), line 90 in __init__: Loaded autoplaylist with 2531 entries
[1.4905300140380859] 2018-04-29 19:52:04,689 - DEBUG - musicbot.spotify | In spotify.py::MainThread(4321366912), line 70 in get_token: Created a new access token: {'access_token': 'BQCkT5tqekDkr9KPdL3Vh-baq4aZFjr2-bPqzR0YpITLgw0MTLbyzIM1F1wACwQ9QNbggym82zKe8_fH8fo', 'token_type': 'Bearer', 'expires_in': 3600, 'scope': '', 'expires_at': 1525053124}
[1.4909501075744629] 2018-04-29 19:52:04,690 - INFO - musicbot.bot | In bot.py::MainThread(4321366912), line 115 in __init__: Authenticated with Spotify successfully using client ID and secret.
[3.8909480571746826] 2018-04-29 19:52:07,090 - DEBUG - musicbot.bot | In bot.py::MainThread(4321366912), line 1074 in on_ready: Connection established, ready to go.
[3.8913190364837646] 2018-04-29 19:52:07,090 - DEBUG - musicbot.bot | In bot.py::MainThread(4321366912), line 339 in _cache_app_info: Caching app info
[3.9505841732025146] 2018-04-29 19:52:07,149 - DEBUG - musicbot.bot | In bot.py::MainThread(4321366912), line 889 in _scheck_ensure_env: Ensuring data folders exist
[3.9515728950500488] 2018-04-29 19:52:07,150 - DEBUG - musicbot.bot | In bot.py::MainThread(4321366912), line 905 in _scheck_server_permissions: Checking server permissions
[3.9518260955810547] 2018-04-29 19:52:07,150 - DEBUG - musicbot.bot | In bot.py::MainThread(4321366912), line 909 in _scheck_autoplaylist: Auditing autoplaylist
[3.9520900249481201] 2018-04-29 19:52:07,151 - DEBUG - musicbot.bot | In bot.py::MainThread(4321366912), line 913 in _scheck_configs: Validating config
[3.9523870944976807] 2018-04-29 19:52:07,151 - DEBUG - musicbot.config | In config.py::MainThread(4321366912), line 212 in async_validate: Validating options...
[3.9527060985565186] 2018-04-29 19:52:07,151 - DEBUG - musicbot.config | In config.py::MainThread(4321366912), line 226 in async_validate: Acquired owner id via API
[3.9530122280120850] 2018-04-29 19:52:07,152 - DEBUG - musicbot.bot | In bot.py::MainThread(4321366912), line 916 in _scheck_configs: Validating permissions config
[3.9532871246337891] 2018-04-29 19:52:07,152 - DEBUG - musicbot.permissions | In permissions.py::MainThread(4321366912), line 64 in async_validate: Validating permissions...
[3.9536371231079102] 2018-04-29 19:52:07,152 - DEBUG - musicbot.permissions | In permissions.py::MainThread(4321366912), line 68 in async_validate: Fixing automatic owner group
[3.9538869857788086] 2018-04-29 19:52:07,153 - INFO - musicbot.bot | In bot.py::MainThread(4321366912), line 1091 in on_ready: Connected: 440312996720410624/Okapi Music#1623
[3.9541642665863037] 2018-04-29 19:52:07,153 - INFO - musicbot.bot | In bot.py::MainThread(4321366912), line 1099 in on_ready: Owner:     236614912284033024/Just An Okapi#8112

[3.9543690681457520] 2018-04-29 19:52:07,153 - INFO - musicbot.bot | In bot.py::MainThread(4321366912), line 1102 in on_ready: Server List:
[3.9545791149139404] 2018-04-29 19:52:07,153 - INFO - musicbot.bot | In bot.py::MainThread(4321366912), line 1105 in on_ready:  - NDEogJ
[3.9548022747039795] 2018-04-29 19:52:07,153 - INFO - musicbot.bot | In bot.py::MainThread(4321366912), line 1151 in on_ready: Not bound to any text channels
[3.9550631046295166] 2018-04-29 19:52:07,154 - INFO - musicbot.bot | In bot.py::MainThread(4321366912), line 1177 in on_ready: Not autojoining any voice channels
[3.9554653167724609] 2018-04-29 19:52:07,154 - INFO - musicbot.bot | In bot.py::MainThread(4321366912), line 272 in _join_startup_channels: Found owner in "Music"
[3.9556829929351807] 2018-04-29 19:52:07,154 - INFO - musicbot.bot | In bot.py::MainThread(4321366912), line 281 in _join_startup_channels: Attempting to join NDEogJ/Music
[3.9560060501098633] 2018-04-29 19:52:07,155 - DEBUG - musicbot.bot | In bot.py::MainThread(4321366912), line 452 in get_voice_client: Connection attempt 1 to Music
[3.9562191963195801] 2018-04-29 19:52:07,155 - VOICEDEBUG - musicbot.bot | In bot.py::MainThread(4321366912), line 391 in join_voice_channel: (join_voice_channel) creating futures
[3.9566912651062012] 2018-04-29 19:52:07,155 - VOICEDEBUG - musicbot.bot | In bot.py::MainThread(4321366912), line 397 in join_voice_channel: (join_voice_channel) setting voice state
[3.9572389125823975] 2018-04-29 19:52:07,156 - VOICEDEBUG - musicbot.bot | In bot.py::MainThread(4321366912), line 400 in join_voice_channel: (join_voice_channel) waiting for session id
[4.0402030944824219] 2018-04-29 19:52:07,239 - VOICEDEBUG - musicbot.bot | In bot.py::MainThread(4321366912), line 2937 in on_voice_state_update: Voice state update for 440312996720410624/Okapi Music#1623 on NDEogJ/Music -> [JOIN, CONNECT]
[4.0405852794647217] 2018-04-29 19:52:07,239 - INFO - musicbot.bot | In bot.py::MainThread(4321366912), line 2948 in on_voice_state_update: 440312996720410624/Okapi Music#1623 has joined NDEogJ/Music
[4.0409610271453857] 2018-04-29 19:52:07,240 - VOICEDEBUG - musicbot.bot | In bot.py::MainThread(4321366912), line 404 in join_voice_channel: (join_voice_channel) waiting for voice data
[4.0802221298217773] 2018-04-29 19:52:07,279 - VOICEDEBUG - musicbot.bot | In bot.py::MainThread(4321366912), line 418 in join_voice_channel: (join_voice_channel) connecting...
[4.1818101406097412] 2018-04-29 19:52:07,380 - VOICEDEBUG - musicbot.bot | In bot.py::MainThread(4321366912), line 430 in join_voice_channel: (join_voice_channel) connection successful
[4.1821172237396240] 2018-04-29 19:52:07,381 - DEBUG - musicbot.bot | In bot.py::MainThread(4321366912), line 478 in get_voice_client: Connected in 0.2s
[4.1823821067810059] 2018-04-29 19:52:07,381 - INFO - musicbot.bot | In bot.py::MainThread(4321366912), line 479 in get_voice_client: Connected to NDEogJ/Music
[4.1829040050506592] 2018-04-29 19:52:07,382 - DEBUG - musicbot.bot | In bot.py::MainThread(4321366912), line 849 in deserialize_queue: Deserializing queue for 408203316250542082
[4.6147351264953613] 2018-04-29 19:52:07,813 - DEBUG - musicbot.bot | In bot.py::MainThread(4321366912), line 570 in get_player: Created player via deserialization for server 408203316250542082 with 92 entries
[4.6150760650634766] 2018-04-29 19:52:07,814 - INFO - musicbot.bot | In bot.py::MainThread(4321366912), line 297 in _join_startup_channels: Joined NDEogJ/Music
[4.6154961585998535] 2018-04-29 19:52:07,814 - VOICEDEBUG - musicbot.player | In player.py::MainThread(4321366912), line 373 in websocket_check: Starting websocket check loop for NDEogJ
[4.6159660816192627] 2018-04-29 19:52:07,815 - DEBUG - musicbot.entry | In entry.py::MainThread(4321366912), line 54 in get_ready_future: Created future for None
[4.6161971092224121] 2018-04-29 19:52:07,815 - DEBUG - musicbot.entry | In entry.py::MainThread(4321366912), line 54 in get_ready_future: Created future for audio_cache/youtube-DQoh3nEu1PQ-PrototypeRaptor_-_Wicked.webm
[4.6164789199829102] 2018-04-29 19:52:07,815 - FFMPEG - musicbot.player | In player.py::MainThread(4321366912), line 330 in _play: Creating player with options: -nostdin -vn audio_cache/youtube-DQoh3nEu1PQ-PrototypeRaptor_-_Wicked.webm
[4.6290531158447266] 2018-04-29 19:52:07,828 - INFO - musicbot.entry | In entry.py::MainThread(4321366912), line 196 in _download: Download cached: https://www.youtube.com/watch?v=vHmu6JUGqr8
[4.6308710575103760] 2018-04-29 19:52:07,830 - DEBUG - musicbot.bot | In bot.py::MainThread(4321366912), line 825 in serialize_queue: Serializing queue for 408203316250542082
[20.4611890316009521] 2018-04-29 19:52:23,660 - INFO - musicbot.bot | In bot.py::MainThread(4321366912), line 2733 in on_message: 236614912284033024/Just An Okapi#8112: F.help
[36.1347351074218750] 2018-04-29 19:52:39,333 - INFO - musicbot.bot | In bot.py::MainThread(4321366912), line 2733 in on_message: 236614912284033024/Just An Okapi#8112: F.pause
[49.6935880184173584] 2018-04-29 19:52:52,892 - INFO - musicbot.bot | In bot.py::MainThread(4321366912), line 2733 in on_message: 236614912284033024/Just An Okapi#8112: F.resume
[60.7541780471801758] 2018-04-29 19:53:03,953 - INFO - musicbot.bot | In bot.py::MainThread(4321366912), line 2733 in on_message: 236614912284033024/Just An Okapi#8112: F.help play
